This file contains any messages produced by compilers while
running configure, to aid debugging if configure makes a mistake.

It was created by netopeer-cli configure 0.6.0, which was
generated by GNU Autoconf 2.69.  Invocation command line was

  $ ./configure 

## --------- ##
## Platform. ##
## --------- ##

hostname = debian-openwrt
uname -m = x86_64
uname -r = 3.2.0-4-amd64
uname -s = Linux
uname -v = #1 SMP Debian 3.2.65-1+deb7u2

/usr/bin/uname -p = unknown
/bin/uname -X     = unknown

/bin/arch              = unknown
/usr/bin/arch -k       = unknown
/usr/convex/getsysinfo = unknown
/usr/bin/hostinfo      = unknown
/bin/machine           = unknown
/usr/bin/oslevel       = unknown
/bin/universe          = unknown

PATH: /usr/local/bin
PATH: /usr/bin
PATH: /bin
PATH: /usr/local/games
PATH: /usr/games


## ----------- ##
## Core tests. ##
## ----------- ##

configure:2293: checking build system type
configure:2307: result: x86_64-unknown-linux-gnu
configure:2327: checking host system type
configure:2340: result: x86_64-unknown-linux-gnu
configure:2385: checking for pkg-config
configure:2403: found /usr/bin/pkg-config
configure:2416: result: /usr/bin/pkg-config
configure:2431: checking for roff2html
configure:2449: found /usr/bin/roff2html
configure:2462: result: /usr/bin/roff2html
configure:2614: checking for host architecture
configure:2622: result: x86_64 is supported
configure:2679: checking for rpmbuild
configure:2707: result: no
configure:2723: checking for greadlink
configure:2751: result: readlink
configure:2761: WARNING: Try installing greadlink.
configure:2818: checking for gcc
configure:2834: found /usr/bin/gcc
configure:2845: result: gcc
configure:3074: checking for C compiler version
configure:3083: gcc --version >&5
gcc (Debian 4.7.2-5) 4.7.2
Copyright (C) 2012 Free Software Foundation, Inc.
This is free software; see the source for copying conditions.  There is NO
warranty; not even for MERCHANTABILITY or FITNESS FOR A PARTICULAR PURPOSE.

configure:3094: $? = 0
configure:3083: gcc -v >&5
Using built-in specs.
COLLECT_GCC=gcc
COLLECT_LTO_WRAPPER=/usr/lib/gcc/x86_64-linux-gnu/4.7/lto-wrapper
Target: x86_64-linux-gnu
Configured with: ../src/configure -v --with-pkgversion='Debian 4.7.2-5' --with-bugurl=file:///usr/share/doc/gcc-4.7/README.Bugs --enable-languages=c,c++,go,fortran,objc,obj-c++ --prefix=/usr --program-suffix=-4.7 --enable-shared --enable-linker-build-id --with-system-zlib --libexecdir=/usr/lib --without-included-gettext --enable-threads=posix --with-gxx-include-dir=/usr/include/c++/4.7 --libdir=/usr/lib --enable-nls --with-sysroot=/ --enable-clocale=gnu --enable-libstdcxx-debug --enable-libstdcxx-time=yes --enable-gnu-unique-object --enable-plugin --enable-objc-gc --with-arch-32=i586 --with-tune=generic --enable-checking=release --build=x86_64-linux-gnu --host=x86_64-linux-gnu --target=x86_64-linux-gnu
Thread model: posix
gcc version 4.7.2 (Debian 4.7.2-5) 
configure:3094: $? = 0
configure:3083: gcc -V >&5
gcc: error: unrecognized command line option '-V'
gcc: fatal error: no input files
compilation terminated.
configure:3094: $? = 4
configure:3083: gcc -qversion >&5
gcc: error: unrecognized command line option '-qversion'
gcc: fatal error: no input files
compilation terminated.
configure:3094: $? = 4
configure:3114: checking whether the C compiler works
configure:3136: gcc  -O3 -DNDEBUG  -DRCSID=\"$(IDGIT)\"  conftest.c  >&5
<command-line>:0:8: warning: missing terminating " character [enabled by default]
configure:3140: $? = 0
configure:3188: result: yes
configure:3191: checking for C compiler default output file name
configure:3193: result: a.out
configure:3199: checking for suffix of executables
configure:3206: gcc -o conftest  -O3 -DNDEBUG  -DRCSID=\"$(IDGIT)\"  conftest.c  >&5
<command-line>:0:8: warning: missing terminating " character [enabled by default]
configure:3210: $? = 0
configure:3232: result: 
configure:3254: checking whether we are cross compiling
configure:3262: gcc -o conftest  -O3 -DNDEBUG  -DRCSID=\"$(IDGIT)\"  conftest.c  >&5
<command-line>:0:8: warning: missing terminating " character [enabled by default]
configure:3266: $? = 0
configure:3273: ./conftest
configure:3277: $? = 0
configure:3292: result: no
configure:3297: checking for suffix of object files
configure:3319: gcc -c  -O3 -DNDEBUG  -DRCSID=\"$(IDGIT)\" conftest.c >&5
<command-line>:0:8: warning: missing terminating " character [enabled by default]
configure:3323: $? = 0
configure:3344: result: o
configure:3348: checking whether we are using the GNU C compiler
configure:3367: gcc -c  -O3 -DNDEBUG  -DRCSID=\"$(IDGIT)\" conftest.c >&5
<command-line>:0:8: warning: missing terminating " character [enabled by default]
configure:3367: $? = 0
configure:3376: result: yes
configure:3385: checking whether gcc accepts -g
configure:3405: gcc -c -g  -DRCSID=\"$(IDGIT)\" conftest.c >&5
<command-line>:0:8: warning: missing terminating " character [enabled by default]
configure:3405: $? = 0
configure: failed program was:
| /* confdefs.h */
| #define PACKAGE_NAME "netopeer-cli"
| #define PACKAGE_TARNAME "netopeer-cli"
| #define PACKAGE_VERSION "0.6.0"
| #define PACKAGE_STRING "netopeer-cli 0.6.0"
| #define PACKAGE_BUGREPORT ""
| #define PACKAGE_URL ""
| /* end confdefs.h.  */
| 
| int
| main ()
| {
| 
|   ;
|   return 0;
| }
configure:3420: gcc -c   -DRCSID=\"$(IDGIT)\" conftest.c >&5
<command-line>:0:8: warning: missing terminating " character [enabled by default]
configure:3420: $? = 0
configure: failed program was:
| /* confdefs.h */
| #define PACKAGE_NAME "netopeer-cli"
| #define PACKAGE_TARNAME "netopeer-cli"
| #define PACKAGE_VERSION "0.6.0"
| #define PACKAGE_STRING "netopeer-cli 0.6.0"
| #define PACKAGE_BUGREPORT ""
| #define PACKAGE_URL ""
| /* end confdefs.h.  */
| 
| int
| main ()
| {
| 
|   ;
|   return 0;
| }
configure:3436: gcc -c -g  -DRCSID=\"$(IDGIT)\" conftest.c >&5
<command-line>:0:8: warning: missing terminating " character [enabled by default]
configure:3436: $? = 0
configure:3446: result: yes
configure:3463: checking for gcc option to accept ISO C89
configure:3526: gcc  -c  -O3 -DNDEBUG  -DRCSID=\"$(IDGIT)\" conftest.c >&5
<command-line>:0:8: warning: missing terminating " character [enabled by default]
configure:3526: $? = 0
configure:3539: result: none needed
configure:3564: checking how to run the C preprocessor
configure:3595: gcc -E  -DRCSID=\"$(IDGIT)\" conftest.c
<command-line>:0:8: warning: missing terminating " character [enabled by default]
configure:3595: $? = 0
configure:3609: gcc -E  -DRCSID=\"$(IDGIT)\" conftest.c
<command-line>:0:8: warning: missing terminating " character [enabled by default]
conftest.c:9:28: fatal error: ac_nonexistent.h: No such file or directory
compilation terminated.
configure:3609: $? = 1
configure: failed program was:
| /* confdefs.h */
| #define PACKAGE_NAME "netopeer-cli"
| #define PACKAGE_TARNAME "netopeer-cli"
| #define PACKAGE_VERSION "0.6.0"
| #define PACKAGE_STRING "netopeer-cli 0.6.0"
| #define PACKAGE_BUGREPORT ""
| #define PACKAGE_URL ""
| /* end confdefs.h.  */
| #include <ac_nonexistent.h>
configure:3634: result: gcc -E
configure:3654: gcc -E  -DRCSID=\"$(IDGIT)\" conftest.c
<command-line>:0:8: warning: missing terminating " character [enabled by default]
configure:3654: $? = 0
configure:3668: gcc -E  -DRCSID=\"$(IDGIT)\" conftest.c
<command-line>:0:8: warning: missing terminating " character [enabled by default]
conftest.c:9:28: fatal error: ac_nonexistent.h: No such file or directory
compilation terminated.
configure:3668: $? = 1
configure: failed program was:
| /* confdefs.h */
| #define PACKAGE_NAME "netopeer-cli"
| #define PACKAGE_TARNAME "netopeer-cli"
| #define PACKAGE_VERSION "0.6.0"
| #define PACKAGE_STRING "netopeer-cli 0.6.0"
| #define PACKAGE_BUGREPORT ""
| #define PACKAGE_URL ""
| /* end confdefs.h.  */
| #include <ac_nonexistent.h>
configure:3710: checking for a BSD-compatible install
configure:3778: result: /usr/bin/install -c
configure:3800: checking for xml2-config
configure:3816: found /usr/bin/xml2-config
configure:3828: result: yes
configure:4014: checking for the pthreads library -lpthreads
configure:4052: gcc -o conftest -I/usr/include/libxml2  -O3 -DNDEBUG   -DRCSID=\"$(IDGIT)\" -L/usr/lib -lxml2  conftest.c -lpthreads  >&5
<command-line>:0:8: warning: missing terminating " character [enabled by default]
/usr/bin/ld: cannot find -lpthreads
collect2: error: ld returned 1 exit status
configure:4052: $? = 1
configure: failed program was:
| /* confdefs.h */
| #define PACKAGE_NAME "netopeer-cli"
| #define PACKAGE_TARNAME "netopeer-cli"
| #define PACKAGE_VERSION "0.6.0"
| #define PACKAGE_STRING "netopeer-cli 0.6.0"
| #define PACKAGE_BUGREPORT ""
| #define PACKAGE_URL ""
| /* end confdefs.h.  */
| #include <pthread.h>
|                         static void routine(void *a) { a = 0; }
|                         static void *start_routine(void *a) { return a; }
| int
| main ()
| {
| pthread_t th; pthread_attr_t attr;
|                         pthread_create(&th, 0, start_routine, 0);
|                         pthread_join(th, 0);
|                         pthread_attr_init(&attr);
|                         pthread_cleanup_push(routine, 0);
|                         pthread_cleanup_pop(0) /* ; */
|   ;
|   return 0;
| }
configure:4061: result: no
configure:3959: checking whether pthreads work without any flags
configure:4052: gcc -o conftest -I/usr/include/libxml2  -O3 -DNDEBUG   -DRCSID=\"$(IDGIT)\" -L/usr/lib -lxml2  conftest.c   >&5
<command-line>:0:8: warning: missing terminating " character [enabled by default]
/tmp/ccjsKRir.o: In function `main':
conftest.c:(.text.startup+0x16): undefined reference to `pthread_create'
conftest.c:(.text.startup+0x22): undefined reference to `pthread_join'
conftest.c:(.text.startup+0x46): undefined reference to `__pthread_register_cancel'
conftest.c:(.text.startup+0x50): undefined reference to `__pthread_unregister_cancel'
collect2: error: ld returned 1 exit status
configure:4052: $? = 1
configure: failed program was:
| /* confdefs.h */
| #define PACKAGE_NAME "netopeer-cli"
| #define PACKAGE_TARNAME "netopeer-cli"
| #define PACKAGE_VERSION "0.6.0"
| #define PACKAGE_STRING "netopeer-cli 0.6.0"
| #define PACKAGE_BUGREPORT ""
| #define PACKAGE_URL ""
| /* end confdefs.h.  */
| #include <pthread.h>
|                         static void routine(void *a) { a = 0; }
|                         static void *start_routine(void *a) { return a; }
| int
| main ()
| {
| pthread_t th; pthread_attr_t attr;
|                         pthread_create(&th, 0, start_routine, 0);
|                         pthread_join(th, 0);
|                         pthread_attr_init(&attr);
|                         pthread_cleanup_push(routine, 0);
|                         pthread_cleanup_pop(0) /* ; */
|   ;
|   return 0;
| }
configure:4061: result: no
configure:3964: checking whether pthreads work with -Kthread
configure:4052: gcc -o conftest -I/usr/include/libxml2  -O3 -DNDEBUG -Kthread  -DRCSID=\"$(IDGIT)\" -L/usr/lib -lxml2  conftest.c   >&5
gcc: error: unrecognized command line option '-Kthread'
configure:4052: $? = 1
configure: failed program was:
| /* confdefs.h */
| #define PACKAGE_NAME "netopeer-cli"
| #define PACKAGE_TARNAME "netopeer-cli"
| #define PACKAGE_VERSION "0.6.0"
| #define PACKAGE_STRING "netopeer-cli 0.6.0"
| #define PACKAGE_BUGREPORT ""
| #define PACKAGE_URL ""
| /* end confdefs.h.  */
| #include <pthread.h>
|                         static void routine(void *a) { a = 0; }
|                         static void *start_routine(void *a) { return a; }
| int
| main ()
| {
| pthread_t th; pthread_attr_t attr;
|                         pthread_create(&th, 0, start_routine, 0);
|                         pthread_join(th, 0);
|                         pthread_attr_init(&attr);
|                         pthread_cleanup_push(routine, 0);
|                         pthread_cleanup_pop(0) /* ; */
|   ;
|   return 0;
| }
configure:4061: result: no
configure:3964: checking whether pthreads work with -kthread
configure:4052: gcc -o conftest -I/usr/include/libxml2  -O3 -DNDEBUG -kthread  -DRCSID=\"$(IDGIT)\" -L/usr/lib -lxml2  conftest.c   >&5
gcc: error: unrecognized command line option '-kthread'
configure:4052: $? = 1
configure: failed program was:
| /* confdefs.h */
| #define PACKAGE_NAME "netopeer-cli"
| #define PACKAGE_TARNAME "netopeer-cli"
| #define PACKAGE_VERSION "0.6.0"
| #define PACKAGE_STRING "netopeer-cli 0.6.0"
| #define PACKAGE_BUGREPORT ""
| #define PACKAGE_URL ""
| /* end confdefs.h.  */
| #include <pthread.h>
|                         static void routine(void *a) { a = 0; }
|                         static void *start_routine(void *a) { return a; }
| int
| main ()
| {
| pthread_t th; pthread_attr_t attr;
|                         pthread_create(&th, 0, start_routine, 0);
|                         pthread_join(th, 0);
|                         pthread_attr_init(&attr);
|                         pthread_cleanup_push(routine, 0);
|                         pthread_cleanup_pop(0) /* ; */
|   ;
|   return 0;
| }
configure:4061: result: no
configure:4014: checking for the pthreads library -llthread
configure:4052: gcc -o conftest -I/usr/include/libxml2  -O3 -DNDEBUG   -DRCSID=\"$(IDGIT)\" -L/usr/lib -lxml2  conftest.c -llthread  >&5
<command-line>:0:8: warning: missing terminating " character [enabled by default]
/usr/bin/ld: cannot find -llthread
collect2: error: ld returned 1 exit status
configure:4052: $? = 1
configure: failed program was:
| /* confdefs.h */
| #define PACKAGE_NAME "netopeer-cli"
| #define PACKAGE_TARNAME "netopeer-cli"
| #define PACKAGE_VERSION "0.6.0"
| #define PACKAGE_STRING "netopeer-cli 0.6.0"
| #define PACKAGE_BUGREPORT ""
| #define PACKAGE_URL ""
| /* end confdefs.h.  */
| #include <pthread.h>
|                         static void routine(void *a) { a = 0; }
|                         static void *start_routine(void *a) { return a; }
| int
| main ()
| {
| pthread_t th; pthread_attr_t attr;
|                         pthread_create(&th, 0, start_routine, 0);
|                         pthread_join(th, 0);
|                         pthread_attr_init(&attr);
|                         pthread_cleanup_push(routine, 0);
|                         pthread_cleanup_pop(0) /* ; */
|   ;
|   return 0;
| }
configure:4061: result: no
configure:3964: checking whether pthreads work with -pthread
configure:4052: gcc -o conftest -I/usr/include/libxml2  -O3 -DNDEBUG -pthread  -DRCSID=\"$(IDGIT)\" -L/usr/lib -lxml2  conftest.c   >&5
<command-line>:0:8: warning: missing terminating " character [enabled by default]
configure:4052: $? = 0
configure:4061: result: yes
configure:4080: checking for joinable pthread attribute
configure:4095: gcc -o conftest -I/usr/include/libxml2  -O3 -DNDEBUG -pthread  -DRCSID=\"$(IDGIT)\" -L/usr/lib -lxml2  conftest.c   >&5
<command-line>:0:8: warning: missing terminating " character [enabled by default]
configure:4095: $? = 0
configure:4101: result: PTHREAD_CREATE_JOINABLE
configure:4111: checking if more special flags are required for pthreads
configure:4125: result: no
configure:4131: checking for PTHREAD_PRIO_INHERIT
configure:4149: gcc -o conftest -I/usr/include/libxml2  -O3 -DNDEBUG -pthread  -DRCSID=\"$(IDGIT)\" -L/usr/lib -lxml2  conftest.c   >&5
<command-line>:0:8: warning: missing terminating " character [enabled by default]
conftest.c: In function 'main':
conftest.c:14:9: error: 'PTHREAD_PRIO_INHERIT' undeclared (first use in this function)
conftest.c:14:9: note: each undeclared identifier is reported only once for each function it appears in
configure:4149: $? = 1
configure: failed program was:
| /* confdefs.h */
| #define PACKAGE_NAME "netopeer-cli"
| #define PACKAGE_TARNAME "netopeer-cli"
| #define PACKAGE_VERSION "0.6.0"
| #define PACKAGE_STRING "netopeer-cli 0.6.0"
| #define PACKAGE_BUGREPORT ""
| #define PACKAGE_URL ""
| /* end confdefs.h.  */
| 
|                     #include <pthread.h>
| int
| main ()
| {
| int i = PTHREAD_PRIO_INHERIT;
|   ;
|   return 0;
| }
configure:4158: result: no
configure:4356: checking pkg-config is at least version 0.9.0
configure:4359: result: yes
configure:4378: checking for LIBNETCONF
configure:4385: $PKG_CONFIG --exists --print-errors "libnetconf"
configure:4388: $? = 0
configure:4402: $PKG_CONFIG --exists --print-errors "libnetconf"
configure:4405: $? = 0
configure:4463: result: yes
configure:4473: checking for library containing ncntf_dispatch_receive
configure:4504: gcc -o conftest -I/usr/include/libxml2  -O3 -DNDEBUG -pthread  -DRCSID=\"$(IDGIT)\" -L/usr/lib -lxml2  conftest.c   >&5
<command-line>:0:8: warning: missing terminating " character [enabled by default]
/tmp/cc3zXRMg.o: In function `main':
conftest.c:(.text.startup+0x7): undefined reference to `ncntf_dispatch_receive'
collect2: error: ld returned 1 exit status
configure:4504: $? = 1
configure: failed program was:
| /* confdefs.h */
| #define PACKAGE_NAME "netopeer-cli"
| #define PACKAGE_TARNAME "netopeer-cli"
| #define PACKAGE_VERSION "0.6.0"
| #define PACKAGE_STRING "netopeer-cli 0.6.0"
| #define PACKAGE_BUGREPORT ""
| #define PACKAGE_URL ""
| /* end confdefs.h.  */
| 
| /* Override any GCC internal prototype to avoid an error.
|    Use char because int might match the return type of a GCC
|    builtin and then its argument prototype would still apply.  */
| #ifdef __cplusplus
| extern "C"
| #endif
| char ncntf_dispatch_receive ();
| int
| main ()
| {
| return ncntf_dispatch_receive ();
|   ;
|   return 0;
| }
configure:4504: gcc -o conftest -I/usr/include/libxml2  -O3 -DNDEBUG -pthread  -DRCSID=\"$(IDGIT)\" -L/usr/lib -lxml2  conftest.c -lnetconf    >&5
<command-line>:0:8: warning: missing terminating " character [enabled by default]
configure:4504: $? = 0
configure:4521: result: -lnetconf
configure:4658: checking for library containing nc_init
configure:4689: gcc -o conftest -I/usr/include/libxml2  -O3 -DNDEBUG -pthread  -DRCSID=\"$(IDGIT)\" -L/usr/lib -lxml2  conftest.c -lnetconf   >&5
<command-line>:0:8: warning: missing terminating " character [enabled by default]
configure:4689: $? = 0
configure:4706: result: none required
configure:4728: checking for readline in -lreadline
configure:4753: gcc -o conftest -I/usr/include/libxml2  -O3 -DNDEBUG -pthread  -DRCSID=\"$(IDGIT)\" -L/usr/lib -lxml2  conftest.c -lreadline  -lnetconf   >&5
<command-line>:0:8: warning: missing terminating " character [enabled by default]
configure:4753: $? = 0
configure:4762: result: yes
configure:4776: checking for grep that handles long lines and -e
configure:4834: result: /bin/grep
configure:4839: checking for egrep
configure:4901: result: /bin/grep -E
configure:4906: checking for ANSI C header files
configure:4926: gcc -c -I/usr/include/libxml2  -O3 -DNDEBUG -pthread  -DRCSID=\"$(IDGIT)\" conftest.c >&5
<command-line>:0:8: warning: missing terminating " character [enabled by default]
configure:4926: $? = 0
<command-line>:0:8: warning: missing terminating " character [enabled by default]
<command-line>:0:8: warning: missing terminating " character [enabled by default]
configure:4999: gcc -o conftest -I/usr/include/libxml2  -O3 -DNDEBUG -pthread  -DRCSID=\"$(IDGIT)\" -L/usr/lib -lxml2  conftest.c -lreadline -lnetconf   >&5
<command-line>:0:8: warning: missing terminating " character [enabled by default]
configure:4999: $? = 0
configure:4999: ./conftest
configure:4999: $? = 0
configure:5010: result: yes
configure:5023: checking for sys/types.h
configure:5023: gcc -c -I/usr/include/libxml2  -O3 -DNDEBUG -pthread  -DRCSID=\"$(IDGIT)\" conftest.c >&5
<command-line>:0:8: warning: missing terminating " character [enabled by default]
configure:5023: $? = 0
configure:5023: result: yes
configure:5023: checking for sys/stat.h
configure:5023: gcc -c -I/usr/include/libxml2  -O3 -DNDEBUG -pthread  -DRCSID=\"$(IDGIT)\" conftest.c >&5
<command-line>:0:8: warning: missing terminating " character [enabled by default]
configure:5023: $? = 0
configure:5023: result: yes
configure:5023: checking for stdlib.h
configure:5023: gcc -c -I/usr/include/libxml2  -O3 -DNDEBUG -pthread  -DRCSID=\"$(IDGIT)\" conftest.c >&5
<command-line>:0:8: warning: missing terminating " character [enabled by default]
configure:5023: $? = 0
configure:5023: result: yes
configure:5023: checking for string.h
configure:5023: gcc -c -I/usr/include/libxml2  -O3 -DNDEBUG -pthread  -DRCSID=\"$(IDGIT)\" conftest.c >&5
<command-line>:0:8: warning: missing terminating " character [enabled by default]
configure:5023: $? = 0
configure:5023: result: yes
configure:5023: checking for memory.h
configure:5023: gcc -c -I/usr/include/libxml2  -O3 -DNDEBUG -pthread  -DRCSID=\"$(IDGIT)\" conftest.c >&5
<command-line>:0:8: warning: missing terminating " character [enabled by default]
configure:5023: $? = 0
configure:5023: result: yes
configure:5023: checking for strings.h
configure:5023: gcc -c -I/usr/include/libxml2  -O3 -DNDEBUG -pthread  -DRCSID=\"$(IDGIT)\" conftest.c >&5
<command-line>:0:8: warning: missing terminating " character [enabled by default]
configure:5023: $? = 0
configure:5023: result: yes
configure:5023: checking for inttypes.h
configure:5023: gcc -c -I/usr/include/libxml2  -O3 -DNDEBUG -pthread  -DRCSID=\"$(IDGIT)\" conftest.c >&5
<command-line>:0:8: warning: missing terminating " character [enabled by default]
configure:5023: $? = 0
configure:5023: result: yes
configure:5023: checking for stdint.h
configure:5023: gcc -c -I/usr/include/libxml2  -O3 -DNDEBUG -pthread  -DRCSID=\"$(IDGIT)\" conftest.c >&5
<command-line>:0:8: warning: missing terminating " character [enabled by default]
configure:5023: $? = 0
configure:5023: result: yes
configure:5023: checking for unistd.h
configure:5023: gcc -c -I/usr/include/libxml2  -O3 -DNDEBUG -pthread  -DRCSID=\"$(IDGIT)\" conftest.c >&5
<command-line>:0:8: warning: missing terminating " character [enabled by default]
configure:5023: $? = 0
configure:5023: result: yes
configure:5038: checking readline/readline.h usability
configure:5038: gcc -c -I/usr/include/libxml2  -O3 -DNDEBUG -pthread  -DRCSID=\"$(IDGIT)\" conftest.c >&5
<command-line>:0:8: warning: missing terminating " character [enabled by default]
configure:5038: $? = 0
configure:5038: result: yes
configure:5038: checking readline/readline.h presence
configure:5038: gcc -E  -DRCSID=\"$(IDGIT)\" conftest.c
<command-line>:0:8: warning: missing terminating " character [enabled by default]
configure:5038: $? = 0
configure:5038: result: yes
configure:5038: checking for readline/readline.h
configure:5038: result: yes
configure:5038: checking readline/history.h usability
configure:5038: gcc -c -I/usr/include/libxml2  -O3 -DNDEBUG -pthread  -DRCSID=\"$(IDGIT)\" conftest.c >&5
<command-line>:0:8: warning: missing terminating " character [enabled by default]
configure:5038: $? = 0
configure:5038: result: yes
configure:5038: checking readline/history.h presence
configure:5038: gcc -E  -DRCSID=\"$(IDGIT)\" conftest.c
<command-line>:0:8: warning: missing terminating " character [enabled by default]
configure:5038: $? = 0
configure:5038: result: yes
configure:5038: checking for readline/history.h
configure:5038: result: yes
configure:5054: checking for xmlReadFile in -lxml2
configure:5079: gcc -o conftest -I/usr/include/libxml2  -O3 -DNDEBUG -pthread  -DRCSID=\"$(IDGIT)\" -L/usr/lib -lxml2  conftest.c -lxml2  -lreadline -lnetconf   >&5
<command-line>:0:8: warning: missing terminating " character [enabled by default]
configure:5079: $? = 0
configure:5088: result: yes
configure:5103: checking libxml/tree.h usability
configure:5103: gcc -c -I/usr/include/libxml2  -O3 -DNDEBUG -pthread  -DRCSID=\"$(IDGIT)\" conftest.c >&5
<command-line>:0:8: warning: missing terminating " character [enabled by default]
configure:5103: $? = 0
configure:5103: result: yes
configure:5103: checking libxml/tree.h presence
configure:5103: gcc -E  -DRCSID=\"$(IDGIT)\" conftest.c
<command-line>:0:8: warning: missing terminating " character [enabled by default]
conftest.c:23:25: fatal error: libxml/tree.h: No such file or directory
compilation terminated.
configure:5103: $? = 1
configure: failed program was:
| /* confdefs.h */
| #define PACKAGE_NAME "netopeer-cli"
| #define PACKAGE_TARNAME "netopeer-cli"
| #define PACKAGE_VERSION "0.6.0"
| #define PACKAGE_STRING "netopeer-cli 0.6.0"
| #define PACKAGE_BUGREPORT ""
| #define PACKAGE_URL ""
| #define HAVE_LIBREADLINE 1
| #define STDC_HEADERS 1
| #define HAVE_SYS_TYPES_H 1
| #define HAVE_SYS_STAT_H 1
| #define HAVE_STDLIB_H 1
| #define HAVE_STRING_H 1
| #define HAVE_MEMORY_H 1
| #define HAVE_STRINGS_H 1
| #define HAVE_INTTYPES_H 1
| #define HAVE_STDINT_H 1
| #define HAVE_UNISTD_H 1
| #define HAVE_READLINE_READLINE_H 1
| #define HAVE_READLINE_HISTORY_H 1
| #define HAVE_LIBXML2 1
| /* end confdefs.h.  */
| #include <libxml/tree.h>
configure:5103: result: no
configure:5103: WARNING: libxml/tree.h: accepted by the compiler, rejected by the preprocessor!
configure:5103: WARNING: libxml/tree.h: proceeding with the compiler's result
configure:5103: checking for libxml/tree.h
configure:5103: result: yes
configure:5122: checking fcntl.h usability
configure:5122: gcc -c -I/usr/include/libxml2  -O3 -DNDEBUG -pthread  -DRCSID=\"$(IDGIT)\" conftest.c >&5
<command-line>:0:8: warning: missing terminating " character [enabled by default]
configure:5122: $? = 0
configure:5122: result: yes
configure:5122: checking fcntl.h presence
configure:5122: gcc -E  -DRCSID=\"$(IDGIT)\" conftest.c
<command-line>:0:8: warning: missing terminating " character [enabled by default]
configure:5122: $? = 0
configure:5122: result: yes
configure:5122: checking for fcntl.h
configure:5122: result: yes
configure:5122: checking for stdlib.h
configure:5122: result: yes
configure:5122: checking for string.h
configure:5122: result: yes
configure:5122: checking for unistd.h
configure:5122: result: yes
configure:5140: checking for stdlib.h
configure:5140: result: yes
configure:5150: checking for GNU libc compatible malloc
configure:5174: gcc -o conftest -I/usr/include/libxml2  -O3 -DNDEBUG -pthread  -DRCSID=\"$(IDGIT)\" -L/usr/lib -lxml2  conftest.c -lxml2 -lreadline -lnetconf   >&5
<command-line>:0:8: warning: missing terminating " character [enabled by default]
configure:5174: $? = 0
configure:5174: ./conftest
configure:5174: $? = 0
configure:5184: result: yes
configure:5211: checking for stdlib.h
configure:5211: result: yes
configure:5211: checking for unistd.h
configure:5211: result: yes
configure:5211: checking for sys/param.h
configure:5211: gcc -c -I/usr/include/libxml2  -O3 -DNDEBUG -pthread  -DRCSID=\"$(IDGIT)\" conftest.c >&5
<command-line>:0:8: warning: missing terminating " character [enabled by default]
configure:5211: $? = 0
configure:5211: result: yes
configure:5231: checking for getpagesize
configure:5231: gcc -o conftest -I/usr/include/libxml2  -O3 -DNDEBUG -pthread  -DRCSID=\"$(IDGIT)\" -L/usr/lib -lxml2  conftest.c -lxml2 -lreadline -lnetconf   >&5
<command-line>:0:8: warning: missing terminating " character [enabled by default]
configure:5231: $? = 0
configure:5231: result: yes
configure:5240: checking for working mmap
configure:5387: gcc -o conftest -I/usr/include/libxml2  -O3 -DNDEBUG -pthread  -DRCSID=\"$(IDGIT)\" -L/usr/lib -lxml2  conftest.c -lxml2 -lreadline -lnetconf   >&5
<command-line>:0:8: warning: missing terminating " character [enabled by default]
configure:5387: $? = 0
configure:5387: ./conftest
configure:5387: $? = 0
configure:5397: result: yes
configure:5408: checking for stdlib.h
configure:5408: result: yes
configure:5418: checking for GNU libc compatible realloc
configure:5442: gcc -o conftest -I/usr/include/libxml2  -O3 -DNDEBUG -pthread  -DRCSID=\"$(IDGIT)\" -L/usr/lib -lxml2  conftest.c -lxml2 -lreadline -lnetconf   >&5
<command-line>:0:8: warning: missing terminating " character [enabled by default]
configure:5442: $? = 0
configure:5442: ./conftest
configure:5442: $? = 0
configure:5452: result: yes
configure:5476: checking for mkdir
configure:5476: gcc -o conftest -I/usr/include/libxml2  -O3 -DNDEBUG -pthread  -DRCSID=\"$(IDGIT)\" -L/usr/lib -lxml2  conftest.c -lxml2 -lreadline -lnetconf   >&5
<command-line>:0:8: warning: missing terminating " character [enabled by default]
configure:5476: $? = 0
configure:5476: result: yes
configure:5476: checking for munmap
configure:5476: gcc -o conftest -I/usr/include/libxml2  -O3 -DNDEBUG -pthread  -DRCSID=\"$(IDGIT)\" -L/usr/lib -lxml2  conftest.c -lxml2 -lreadline -lnetconf   >&5
<command-line>:0:8: warning: missing terminating " character [enabled by default]
configure:5476: $? = 0
configure:5476: result: yes
configure:5476: checking for strdup
configure:5476: gcc -o conftest -I/usr/include/libxml2  -O3 -DNDEBUG -pthread  -DRCSID=\"$(IDGIT)\" -L/usr/lib -lxml2  conftest.c -lxml2 -lreadline -lnetconf   >&5
<command-line>:0:8: warning: missing terminating " character [enabled by default]
conftest.c:62:6: warning: conflicting types for built-in function 'strdup' [enabled by default]
configure:5476: $? = 0
configure:5476: result: yes
configure:5476: checking for strerror
configure:5476: gcc -o conftest -I/usr/include/libxml2  -O3 -DNDEBUG -pthread  -DRCSID=\"$(IDGIT)\" -L/usr/lib -lxml2  conftest.c -lxml2 -lreadline -lnetconf   >&5
<command-line>:0:8: warning: missing terminating " character [enabled by default]
configure:5476: $? = 0
configure:5476: result: yes
configure:5476: checking for strndup
configure:5476: gcc -o conftest -I/usr/include/libxml2  -O3 -DNDEBUG -pthread  -DRCSID=\"$(IDGIT)\" -L/usr/lib -lxml2  conftest.c -lxml2 -lreadline -lnetconf   >&5
<command-line>:0:8: warning: missing terminating " character [enabled by default]
conftest.c:64:6: warning: conflicting types for built-in function 'strndup' [enabled by default]
configure:5476: $? = 0
configure:5476: result: yes
configure:5476: checking for strpbrk
configure:5476: gcc -o conftest -I/usr/include/libxml2  -O3 -DNDEBUG -pthread  -DRCSID=\"$(IDGIT)\" -L/usr/lib -lxml2  conftest.c -lxml2 -lreadline -lnetconf   >&5
<command-line>:0:8: warning: missing terminating " character [enabled by default]
conftest.c:65:6: warning: conflicting types for built-in function 'strpbrk' [enabled by default]
configure:5476: $? = 0
configure:5476: result: yes
configure:5476: checking for strtol
configure:5476: gcc -o conftest -I/usr/include/libxml2  -O3 -DNDEBUG -pthread  -DRCSID=\"$(IDGIT)\" -L/usr/lib -lxml2  conftest.c -lxml2 -lreadline -lnetconf   >&5
<command-line>:0:8: warning: missing terminating " character [enabled by default]
configure:5476: $? = 0
configure:5476: result: yes
configure:5651: creating ./config.status

## ---------------------- ##
## Running config.status. ##
## ---------------------- ##

This file was extended by netopeer-cli config.status 0.6.0, which was
generated by GNU Autoconf 2.69.  Invocation command line was

  CONFIG_FILES    = 
  CONFIG_HEADERS  = 
  CONFIG_LINKS    = 
  CONFIG_COMMANDS = 
  $ ./config.status 

on debian-openwrt

config.status:760: creating Makefile
config.status:760: creating netopeer-cli.spec

## ---------------- ##
## Cache variables. ##
## ---------------- ##

ac_cv_build=x86_64-unknown-linux-gnu
ac_cv_c_compiler_gnu=yes
ac_cv_env_CC_set=
ac_cv_env_CC_value=
ac_cv_env_CFLAGS_set=
ac_cv_env_CFLAGS_value=
ac_cv_env_CPPFLAGS_set=
ac_cv_env_CPPFLAGS_value=
ac_cv_env_CPP_set=
ac_cv_env_CPP_value=
ac_cv_env_LDFLAGS_set=
ac_cv_env_LDFLAGS_value=
ac_cv_env_LIBNETCONF_CFLAGS_set=
ac_cv_env_LIBNETCONF_CFLAGS_value=
ac_cv_env_LIBNETCONF_LIBS_set=
ac_cv_env_LIBNETCONF_LIBS_value=
ac_cv_env_LIBS_set=
ac_cv_env_LIBS_value=
ac_cv_env_PKG_CONFIG_LIBDIR_set=
ac_cv_env_PKG_CONFIG_LIBDIR_value=
ac_cv_env_PKG_CONFIG_PATH_set=
ac_cv_env_PKG_CONFIG_PATH_value=
ac_cv_env_PKG_CONFIG_set=
ac_cv_env_PKG_CONFIG_value=
ac_cv_env_build_alias_set=
ac_cv_env_build_alias_value=
ac_cv_env_host_alias_set=
ac_cv_env_host_alias_value=
ac_cv_env_target_alias_set=
ac_cv_env_target_alias_value=
ac_cv_func_getpagesize=yes
ac_cv_func_malloc_0_nonnull=yes
ac_cv_func_mkdir=yes
ac_cv_func_mmap_fixed_mapped=yes
ac_cv_func_munmap=yes
ac_cv_func_realloc_0_nonnull=yes
ac_cv_func_strdup=yes
ac_cv_func_strerror=yes
ac_cv_func_strndup=yes
ac_cv_func_strpbrk=yes
ac_cv_func_strtol=yes
ac_cv_header_fcntl_h=yes
ac_cv_header_inttypes_h=yes
ac_cv_header_libxml_tree_h=yes
ac_cv_header_memory_h=yes
ac_cv_header_readline_history_h=yes
ac_cv_header_readline_readline_h=yes
ac_cv_header_stdc=yes
ac_cv_header_stdint_h=yes
ac_cv_header_stdlib_h=yes
ac_cv_header_string_h=yes
ac_cv_header_strings_h=yes
ac_cv_header_sys_param_h=yes
ac_cv_header_sys_stat_h=yes
ac_cv_header_sys_types_h=yes
ac_cv_header_unistd_h=yes
ac_cv_host=x86_64-unknown-linux-gnu
ac_cv_lib_readline_readline=yes
ac_cv_lib_xml2_xmlReadFile=yes
ac_cv_objext=o
ac_cv_path_EGREP='/bin/grep -E'
ac_cv_path_GREP=/bin/grep
ac_cv_path_PKG_CONFIG=/usr/bin/pkg-config
ac_cv_path_ROFF2HTML=/usr/bin/roff2html
ac_cv_path_install='/usr/bin/install -c'
ac_cv_prog_CPP='gcc -E'
ac_cv_prog_READLINK=readlink
ac_cv_prog_RPMBUILD=no
ac_cv_prog_XML2_CONFIG=yes
ac_cv_prog_ac_ct_CC=gcc
ac_cv_prog_cc_c89=
ac_cv_prog_cc_g=yes
ac_cv_search_nc_init='none required'
ac_cv_search_ncntf_dispatch_receive=-lnetconf
ax_cv_PTHREAD_PRIO_INHERIT=no
pkg_cv_LIBNETCONF_CFLAGS='-I/usr/local/include  '
pkg_cv_LIBNETCONF_LIBS='-L/usr/local/lib -lnetconf  '

## ----------------- ##
## Output variables. ##
## ----------------- ##

BUILDREQS=' libnetconf-devel readline-devel'
CC='gcc'
CFLAGS='-I/usr/include/libxml2  -O3 -DNDEBUG -pthread'
CONFIGURE_PARAMS='--enable-debug '
CPP='gcc -E'
CPPFLAGS=' -DRCSID=\"$(IDGIT)\"'
C_REHASH=''
DEFS='-DPACKAGE_NAME=\"netopeer-cli\" -DPACKAGE_TARNAME=\"netopeer-cli\" -DPACKAGE_VERSION=\"0.6.0\" -DPACKAGE_STRING=\"netopeer-cli\ 0.6.0\" -DPACKAGE_BUGREPORT=\"\" -DPACKAGE_URL=\"\" -DHAVE_LIBREADLINE=1 -DSTDC_HEADERS=1 -DHAVE_SYS_TYPES_H=1 -DHAVE_SYS_STAT_H=1 -DHAVE_STDLIB_H=1 -DHAVE_STRING_H=1 -DHAVE_MEMORY_H=1 -DHAVE_STRINGS_H=1 -DHAVE_INTTYPES_H=1 -DHAVE_STDINT_H=1 -DHAVE_UNISTD_H=1 -DHAVE_READLINE_READLINE_H=1 -DHAVE_READLINE_HISTORY_H=1 -DHAVE_LIBXML2=1 -DHAVE_LIBXML_TREE_H=1 -DHAVE_FCNTL_H=1 -DHAVE_STDLIB_H=1 -DHAVE_STRING_H=1 -DHAVE_UNISTD_H=1 -DHAVE_STDLIB_H=1 -DHAVE_MALLOC=1 -DHAVE_STDLIB_H=1 -DHAVE_UNISTD_H=1 -DHAVE_SYS_PARAM_H=1 -DHAVE_GETPAGESIZE=1 -DHAVE_MMAP=1 -DHAVE_STDLIB_H=1 -DHAVE_REALLOC=1 -DHAVE_MKDIR=1 -DHAVE_MUNMAP=1 -DHAVE_STRDUP=1 -DHAVE_STRERROR=1 -DHAVE_STRNDUP=1 -DHAVE_STRPBRK=1 -DHAVE_STRTOL=1'
ECHO_C=''
ECHO_N='-n'
ECHO_T=''
EGREP='/bin/grep -E'
EXEEXT=''
GREP='/bin/grep'
INSTALL_DATA='${INSTALL} -m 644'
INSTALL_PROGRAM='${INSTALL}'
INSTALL_SCRIPT='${INSTALL}'
LDFLAGS='-L/usr/lib -lxml2 '
LIBNETCONF_CFLAGS='-I/usr/local/include  '
LIBNETCONF_LIBS='-L/usr/local/lib -lnetconf  '
LIBOBJS=''
LIBS='-lxml2 -lreadline -lnetconf  '
LTLIBOBJS=''
OBJEXT='o'
PACKAGE_BUGREPORT=''
PACKAGE_NAME='netopeer-cli'
PACKAGE_STRING='netopeer-cli 0.6.0'
PACKAGE_TARNAME='netopeer-cli'
PACKAGE_URL=''
PACKAGE_VERSION='0.6.0'
PATH_SEPARATOR=':'
PKG_CONFIG='/usr/bin/pkg-config'
PKG_CONFIG_LIBDIR=''
PKG_CONFIG_PATH='/usr/local/lib/pkgconfig:'
PTHREAD_CC='gcc'
PTHREAD_CFLAGS='-pthread'
PTHREAD_LIBS=''
READLINK='readlink'
RELEASE='1'
REQS=' libnetconf readline'
ROFF2HTML='/usr/bin/roff2html'
RPMBUILD='no'
SHELL='/bin/bash'
UNAME=''
USERMAIL=''
USERNAME=''
XML2_CONFIG='yes'
ac_ct_CC='gcc'
ax_pthread_config=''
bindir='${exec_prefix}/bin'
build='x86_64-unknown-linux-gnu'
build_alias=''
build_cpu='x86_64'
build_os='linux-gnu'
build_vendor='unknown'
datadir='${datarootdir}'
datarootdir='${prefix}/share'
docdir='${datarootdir}/doc/${PACKAGE_TARNAME}'
dvidir='${docdir}'
exec_prefix='${prefix}'
host='x86_64-unknown-linux-gnu'
host_alias=''
host_cpu='x86_64'
host_os='linux-gnu'
host_vendor='unknown'
htmldir='${docdir}'
includedir='${prefix}/include'
infodir='${datarootdir}/info'
libdir='${exec_prefix}/lib'
libexecdir='${exec_prefix}/libexec'
localedir='${datarootdir}/locale'
localstatedir='${prefix}/var'
mandir='${datarootdir}/man'
oldincludedir='/usr/include'
pdfdir='${docdir}'
prefix='/usr/local'
program_transform_name='s,x,x,'
psdir='${docdir}'
sbindir='${exec_prefix}/sbin'
sharedstatedir='${prefix}/com'
sysconfdir='${prefix}/etc'
target_alias=''

## ----------- ##
## confdefs.h. ##
## ----------- ##

/* confdefs.h */
#define PACKAGE_NAME "netopeer-cli"
#define PACKAGE_TARNAME "netopeer-cli"
#define PACKAGE_VERSION "0.6.0"
#define PACKAGE_STRING "netopeer-cli 0.6.0"
#define PACKAGE_BUGREPORT ""
#define PACKAGE_URL ""
#define HAVE_LIBREADLINE 1
#define STDC_HEADERS 1
#define HAVE_SYS_TYPES_H 1
#define HAVE_SYS_STAT_H 1
#define HAVE_STDLIB_H 1
#define HAVE_STRING_H 1
#define HAVE_MEMORY_H 1
#define HAVE_STRINGS_H 1
#define HAVE_INTTYPES_H 1
#define HAVE_STDINT_H 1
#define HAVE_UNISTD_H 1
#define HAVE_READLINE_READLINE_H 1
#define HAVE_READLINE_HISTORY_H 1
#define HAVE_LIBXML2 1
#define HAVE_LIBXML_TREE_H 1
#define HAVE_FCNTL_H 1
#define HAVE_STDLIB_H 1
#define HAVE_STRING_H 1
#define HAVE_UNISTD_H 1
#define HAVE_STDLIB_H 1
#define HAVE_MALLOC 1
#define HAVE_STDLIB_H 1
#define HAVE_UNISTD_H 1
#define HAVE_SYS_PARAM_H 1
#define HAVE_GETPAGESIZE 1
#define HAVE_MMAP 1
#define HAVE_STDLIB_H 1
#define HAVE_REALLOC 1
#define HAVE_MKDIR 1
#define HAVE_MUNMAP 1
#define HAVE_STRDUP 1
#define HAVE_STRERROR 1
#define HAVE_STRNDUP 1
#define HAVE_STRPBRK 1
#define HAVE_STRTOL 1

configure: exit 0
