This file contains any messages produced by compilers while
running configure, to aid debugging if configure makes a mistake.

It was created by netopeer-server configure 0.7.0, which was
generated by GNU Autoconf 2.69.  Invocation command line was

  $ ./configure --disable-dbus

## --------- ##
## Platform. ##
## --------- ##

hostname = debian-openwrt
uname -m = x86_64
uname -r = 3.2.0-4-amd64
uname -s = Linux
uname -v = #1 SMP Debian 3.2.68-1+deb7u1

/usr/bin/uname -p = unknown
/bin/uname -X     = unknown

/bin/arch              = unknown
/usr/bin/arch -k       = unknown
/usr/convex/getsysinfo = unknown
/usr/bin/hostinfo      = unknown
/bin/machine           = unknown
/usr/bin/oslevel       = unknown
/bin/universe          = unknown

PATH: /usr/local/bin
PATH: /usr/bin
PATH: /bin
PATH: /usr/local/games
PATH: /usr/games
PATH: /usr/sbin


## ----------- ##
## Core tests. ##
## ----------- ##

configure:2476: checking for pkg-config
configure:2494: found /usr/bin/pkg-config
configure:2507: result: /usr/bin/pkg-config
configure:2522: checking for roff2html
configure:2540: found /usr/bin/roff2html
configure:2553: result: /usr/bin/roff2html
configure:2590: checking for distro
configure:2592: result: debian
configure:2605: WARNING: Unsupported Linux distro "debian", only RHEL and SUSE are fully supported.
configure:2779: checking pkg-config is at least version 0.9.0
configure:2782: result: yes
configure:2803: checking for LIBNETCONF
configure:2810: $PKG_CONFIG --exists --print-errors "libnetconf"
configure:2813: $? = 0
configure:2827: $PKG_CONFIG --exists --print-errors "libnetconf"
configure:2830: $? = 0
configure:2888: result: yes
configure:2926: checking for uname
configure:2942: found /bin/uname
configure:2954: result: yes
configure:2967: checking for host architecture
configure:2976: result: x86_64
configure:2995: checking for lnctool
configure:3011: found /usr/local/bin/lnctool
configure:3023: result: yes
configure:3042: checking python module: os
configure:3047: result: yes
configure:3068: checking python module: copy
configure:3073: result: yes
configure:3094: checking python module: curses
configure:3099: result: yes
configure:3120: checking python module: libxml2
configure:3125: result: yes
configure:3146: checking python module: subprocess
configure:3151: result: yes
configure:3172: checking python module: re
configure:3177: result: yes
configure:3198: checking python module: string
configure:3203: result: yes
configure:3224: checking python module: argparse
configure:3229: result: yes
configure:3250: checking python module: xml
configure:3255: result: yes
configure:3276: checking for rpmbuild
configure:3306: result: no
configure:3367: checking for clang
configure:3397: result: no
configure:3367: checking for llvm-gcc
configure:3397: result: no
configure:3367: checking for gcc
configure:3383: found /usr/bin/gcc
configure:3394: result: gcc
configure:3425: checking for C compiler version
configure:3434: gcc --version >&5
gcc (Debian 4.7.2-5) 4.7.2
Copyright (C) 2012 Free Software Foundation, Inc.
This is free software; see the source for copying conditions.  There is NO
warranty; not even for MERCHANTABILITY or FITNESS FOR A PARTICULAR PURPOSE.

configure:3445: $? = 0
configure:3434: gcc -v >&5
Using built-in specs.
COLLECT_GCC=gcc
COLLECT_LTO_WRAPPER=/usr/lib/gcc/x86_64-linux-gnu/4.7/lto-wrapper
Target: x86_64-linux-gnu
Configured with: ../src/configure -v --with-pkgversion='Debian 4.7.2-5' --with-bugurl=file:///usr/share/doc/gcc-4.7/README.Bugs --enable-languages=c,c++,go,fortran,objc,obj-c++ --prefix=/usr --program-suffix=-4.7 --enable-shared --enable-linker-build-id --with-system-zlib --libexecdir=/usr/lib --without-included-gettext --enable-threads=posix --with-gxx-include-dir=/usr/include/c++/4.7 --libdir=/usr/lib --enable-nls --with-sysroot=/ --enable-clocale=gnu --enable-libstdcxx-debug --enable-libstdcxx-time=yes --enable-gnu-unique-object --enable-plugin --enable-objc-gc --with-arch-32=i586 --with-tune=generic --enable-checking=release --build=x86_64-linux-gnu --host=x86_64-linux-gnu --target=x86_64-linux-gnu
Thread model: posix
gcc version 4.7.2 (Debian 4.7.2-5) 
configure:3445: $? = 0
configure:3434: gcc -V >&5
gcc: error: unrecognized command line option '-V'
gcc: fatal error: no input files
compilation terminated.
configure:3445: $? = 4
configure:3434: gcc -qversion >&5
gcc: error: unrecognized command line option '-qversion'
gcc: fatal error: no input files
compilation terminated.
configure:3445: $? = 4
configure:3465: checking whether the C compiler works
configure:3487: gcc -Wall -Wextra -O3 -I/usr/local/include    -DRCSID=\"$(IDGIT)\"  conftest.c -L/usr/local/lib -lnetconf    >&5
<command-line>:0:8: warning: missing terminating " character [enabled by default]
configure:3491: $? = 0
configure:3539: result: yes
configure:3542: checking for C compiler default output file name
configure:3544: result: a.out
configure:3550: checking for suffix of executables
configure:3557: gcc -o conftest -Wall -Wextra -O3 -I/usr/local/include    -DRCSID=\"$(IDGIT)\"  conftest.c -L/usr/local/lib -lnetconf    >&5
<command-line>:0:8: warning: missing terminating " character [enabled by default]
configure:3561: $? = 0
configure:3583: result: 
configure:3605: checking whether we are cross compiling
configure:3613: gcc -o conftest -Wall -Wextra -O3 -I/usr/local/include    -DRCSID=\"$(IDGIT)\"  conftest.c -L/usr/local/lib -lnetconf    >&5
<command-line>:0:8: warning: missing terminating " character [enabled by default]
configure:3617: $? = 0
configure:3624: ./conftest
configure:3628: $? = 0
configure:3643: result: no
configure:3648: checking for suffix of object files
configure:3670: gcc -c -Wall -Wextra -O3 -I/usr/local/include    -DRCSID=\"$(IDGIT)\" conftest.c >&5
<command-line>:0:8: warning: missing terminating " character [enabled by default]
configure:3674: $? = 0
configure:3695: result: o
configure:3699: checking whether we are using the GNU C compiler
configure:3718: gcc -c -Wall -Wextra -O3 -I/usr/local/include    -DRCSID=\"$(IDGIT)\" conftest.c >&5
<command-line>:0:8: warning: missing terminating " character [enabled by default]
configure:3718: $? = 0
configure:3727: result: yes
configure:3736: checking whether gcc accepts -g
configure:3756: gcc -c -g -I/usr/local/include    -DRCSID=\"$(IDGIT)\" conftest.c >&5
<command-line>:0:8: warning: missing terminating " character [enabled by default]
configure:3756: $? = 0
configure: failed program was:
| /* confdefs.h */
| #define PACKAGE_NAME "netopeer-server"
| #define PACKAGE_TARNAME "netopeer-server"
| #define PACKAGE_VERSION "0.7.0"
| #define PACKAGE_STRING "netopeer-server 0.7.0"
| #define PACKAGE_BUGREPORT ""
| #define PACKAGE_URL ""
| /* end confdefs.h.  */
| 
| int
| main ()
| {
| 
|   ;
|   return 0;
| }
configure:3771: gcc -c  -I/usr/local/include    -DRCSID=\"$(IDGIT)\" conftest.c >&5
<command-line>:0:8: warning: missing terminating " character [enabled by default]
configure:3771: $? = 0
configure: failed program was:
| /* confdefs.h */
| #define PACKAGE_NAME "netopeer-server"
| #define PACKAGE_TARNAME "netopeer-server"
| #define PACKAGE_VERSION "0.7.0"
| #define PACKAGE_STRING "netopeer-server 0.7.0"
| #define PACKAGE_BUGREPORT ""
| #define PACKAGE_URL ""
| /* end confdefs.h.  */
| 
| int
| main ()
| {
| 
|   ;
|   return 0;
| }
configure:3787: gcc -c -g -I/usr/local/include    -DRCSID=\"$(IDGIT)\" conftest.c >&5
<command-line>:0:8: warning: missing terminating " character [enabled by default]
configure:3787: $? = 0
configure:3797: result: yes
configure:3814: checking for gcc option to accept ISO C89
configure:3877: gcc  -c -Wall -Wextra -O3 -I/usr/local/include    -DRCSID=\"$(IDGIT)\" conftest.c >&5
<command-line>:0:8: warning: missing terminating " character [enabled by default]
configure:3877: $? = 0
configure:3890: result: none needed
configure:3953: checking for a BSD-compatible install
configure:4021: result: /usr/bin/install -c
configure:4043: checking for main in -lxml2
configure:4062: gcc -o conftest -Wall -Wextra -O3 -I/usr/local/include    -DRCSID=\"$(IDGIT)\"  conftest.c -lxml2  -L/usr/local/lib -lnetconf    >&5
<command-line>:0:8: warning: missing terminating " character [enabled by default]
configure:4062: $? = 0
configure:4071: result: yes
configure:4082: checking for xml2-config
configure:4098: found /usr/bin/xml2-config
configure:4110: result: yes
configure:4130: checking for library containing ssh_pki_key_ecdsa_name
configure:4161: gcc -o conftest -Wall -Wextra -O3 -I/usr/local/include    -DRCSID=\"$(IDGIT)\" -I/usr/include/libxml2   conftest.c -L/usr/local/lib -lnetconf    -lxml2 >&5
<command-line>:0:8: warning: missing terminating " character [enabled by default]
configure:4161: $? = 0
configure:4178: result: none required
configure:4190: checking for library containing crypt
configure:4221: gcc -o conftest -Wall -Wextra -O3 -I/usr/local/include    -DRCSID=\"$(IDGIT)\" -I/usr/include/libxml2   conftest.c -L/usr/local/lib -lnetconf    -lxml2 >&5
<command-line>:0:8: warning: missing terminating " character [enabled by default]
/tmp/cckloGb9.o: In function `main':
conftest.c:(.text.startup+0x7): undefined reference to `crypt'
collect2: error: ld returned 1 exit status
configure:4221: $? = 1
configure: failed program was:
| /* confdefs.h */
| #define PACKAGE_NAME "netopeer-server"
| #define PACKAGE_TARNAME "netopeer-server"
| #define PACKAGE_VERSION "0.7.0"
| #define PACKAGE_STRING "netopeer-server 0.7.0"
| #define PACKAGE_BUGREPORT ""
| #define PACKAGE_URL ""
| /* end confdefs.h.  */
| 
| /* Override any GCC internal prototype to avoid an error.
|    Use char because int might match the return type of a GCC
|    builtin and then its argument prototype would still apply.  */
| #ifdef __cplusplus
| extern "C"
| #endif
| char crypt ();
| int
| main ()
| {
| return crypt ();
|   ;
|   return 0;
| }
configure:4221: gcc -o conftest -Wall -Wextra -O3 -I/usr/local/include    -DRCSID=\"$(IDGIT)\" -I/usr/include/libxml2   conftest.c -lcrypt  -L/usr/local/lib -lnetconf    -lxml2 >&5
<command-line>:0:8: warning: missing terminating " character [enabled by default]
configure:4221: $? = 0
configure:4238: result: -lcrypt
configure:4414: checking for LIBNETCONF
configure:4499: result: yes
configure:4512: checking for library containing nc_callhome_listen
configure:4543: gcc -o conftest -Wall -Wextra -O3 -I/usr/local/include   -I/usr/local/include    -DRCSID=\"$(IDGIT)\" -I/usr/include/libxml2   conftest.c -L/usr/local/lib -lnetconf   -lcrypt -L/usr/local/lib -lnetconf    -lxml2 >&5
<command-line>:0:8: warning: missing terminating " character [enabled by default]
configure:4543: $? = 0
configure:4560: result: none required
configure:4705: checking build system type
configure:4719: result: x86_64-unknown-linux-gnu
configure:4739: checking host system type
configure:4752: result: x86_64-unknown-linux-gnu
configure:4940: checking for the pthreads library -lpthreads
configure:4978: gcc -o conftest -Wall -Wextra -O3  -I/usr/local/include   -I/usr/local/include    -DRCSID=\"$(IDGIT)\" -I/usr/include/libxml2   conftest.c -lpthreads -L/usr/local/lib -lnetconf   -lcrypt -L/usr/local/lib -lnetconf    -lxml2 >&5
<command-line>:0:8: warning: missing terminating " character [enabled by default]
conftest.c: In function 'routine':
conftest.c:10:51: warning: parameter 'a' set but not used [-Wunused-but-set-parameter]
/usr/bin/ld: cannot find -lpthreads
collect2: error: ld returned 1 exit status
configure:4978: $? = 1
configure: failed program was:
| /* confdefs.h */
| #define PACKAGE_NAME "netopeer-server"
| #define PACKAGE_TARNAME "netopeer-server"
| #define PACKAGE_VERSION "0.7.0"
| #define PACKAGE_STRING "netopeer-server 0.7.0"
| #define PACKAGE_BUGREPORT ""
| #define PACKAGE_URL ""
| /* end confdefs.h.  */
| #include <pthread.h>
|                         static void routine(void *a) { a = 0; }
|                         static void *start_routine(void *a) { return a; }
| int
| main ()
| {
| pthread_t th; pthread_attr_t attr;
|                         pthread_create(&th, 0, start_routine, 0);
|                         pthread_join(th, 0);
|                         pthread_attr_init(&attr);
|                         pthread_cleanup_push(routine, 0);
|                         pthread_cleanup_pop(0) /* ; */
|   ;
|   return 0;
| }
configure:4987: result: no
configure:4885: checking whether pthreads work without any flags
configure:4978: gcc -o conftest -Wall -Wextra -O3  -I/usr/local/include   -I/usr/local/include    -DRCSID=\"$(IDGIT)\" -I/usr/include/libxml2   conftest.c  -L/usr/local/lib -lnetconf   -lcrypt -L/usr/local/lib -lnetconf    -lxml2 >&5
<command-line>:0:8: warning: missing terminating " character [enabled by default]
conftest.c: In function 'routine':
conftest.c:10:51: warning: parameter 'a' set but not used [-Wunused-but-set-parameter]
configure:4978: $? = 0
configure:4987: result: yes
configure:5006: checking for joinable pthread attribute
configure:5021: gcc -o conftest -Wall -Wextra -O3  -I/usr/local/include   -I/usr/local/include    -DRCSID=\"$(IDGIT)\" -I/usr/include/libxml2   conftest.c  -L/usr/local/lib -lnetconf   -lcrypt -L/usr/local/lib -lnetconf    -lxml2 >&5
<command-line>:0:8: warning: missing terminating " character [enabled by default]
configure:5021: $? = 0
configure:5027: result: PTHREAD_CREATE_JOINABLE
configure:5037: checking if more special flags are required for pthreads
configure:5051: result: no
configure:5057: checking for PTHREAD_PRIO_INHERIT
configure:5075: gcc -o conftest -Wall -Wextra -O3  -I/usr/local/include   -I/usr/local/include    -DRCSID=\"$(IDGIT)\" -I/usr/include/libxml2   conftest.c  -L/usr/local/lib -lnetconf   -lcrypt -L/usr/local/lib -lnetconf    -lxml2 >&5
<command-line>:0:8: warning: missing terminating " character [enabled by default]
conftest.c: In function 'main':
conftest.c:14:9: error: 'PTHREAD_PRIO_INHERIT' undeclared (first use in this function)
conftest.c:14:9: note: each undeclared identifier is reported only once for each function it appears in
conftest.c:14:5: warning: unused variable 'i' [-Wunused-variable]
configure:5075: $? = 1
configure: failed program was:
| /* confdefs.h */
| #define PACKAGE_NAME "netopeer-server"
| #define PACKAGE_TARNAME "netopeer-server"
| #define PACKAGE_VERSION "0.7.0"
| #define PACKAGE_STRING "netopeer-server 0.7.0"
| #define PACKAGE_BUGREPORT ""
| #define PACKAGE_URL ""
| /* end confdefs.h.  */
| 
|                     #include <pthread.h>
| int
| main ()
| {
| int i = PTHREAD_PRIO_INHERIT;
|   ;
|   return 0;
| }
configure:5084: result: no
configure:5253: generating validation files...
configure:5271: checking how to run the C preprocessor
configure:5302: gcc -E -I/usr/local/include   -I/usr/local/include    -DRCSID=\"$(IDGIT)\" -I/usr/include/libxml2 conftest.c
<command-line>:0:8: warning: missing terminating " character [enabled by default]
configure:5302: $? = 0
configure:5316: gcc -E -I/usr/local/include   -I/usr/local/include    -DRCSID=\"$(IDGIT)\" -I/usr/include/libxml2 conftest.c
<command-line>:0:8: warning: missing terminating " character [enabled by default]
conftest.c:9:28: fatal error: ac_nonexistent.h: No such file or directory
compilation terminated.
configure:5316: $? = 1
configure: failed program was:
| /* confdefs.h */
| #define PACKAGE_NAME "netopeer-server"
| #define PACKAGE_TARNAME "netopeer-server"
| #define PACKAGE_VERSION "0.7.0"
| #define PACKAGE_STRING "netopeer-server 0.7.0"
| #define PACKAGE_BUGREPORT ""
| #define PACKAGE_URL ""
| /* end confdefs.h.  */
| #include <ac_nonexistent.h>
configure:5341: result: gcc -E
configure:5361: gcc -E -I/usr/local/include   -I/usr/local/include    -DRCSID=\"$(IDGIT)\" -I/usr/include/libxml2 conftest.c
<command-line>:0:8: warning: missing terminating " character [enabled by default]
configure:5361: $? = 0
configure:5375: gcc -E -I/usr/local/include   -I/usr/local/include    -DRCSID=\"$(IDGIT)\" -I/usr/include/libxml2 conftest.c
<command-line>:0:8: warning: missing terminating " character [enabled by default]
conftest.c:9:28: fatal error: ac_nonexistent.h: No such file or directory
compilation terminated.
configure:5375: $? = 1
configure: failed program was:
| /* confdefs.h */
| #define PACKAGE_NAME "netopeer-server"
| #define PACKAGE_TARNAME "netopeer-server"
| #define PACKAGE_VERSION "0.7.0"
| #define PACKAGE_STRING "netopeer-server 0.7.0"
| #define PACKAGE_BUGREPORT ""
| #define PACKAGE_URL ""
| /* end confdefs.h.  */
| #include <ac_nonexistent.h>
configure:5404: checking for grep that handles long lines and -e
configure:5462: result: /bin/grep
configure:5467: checking for egrep
configure:5529: result: /bin/grep -E
configure:5534: checking for ANSI C header files
configure:5554: gcc -c -Wall -Wextra -O3  -DNP_SSH -I/usr/local/include   -I/usr/local/include    -DRCSID=\"$(IDGIT)\" -I/usr/include/libxml2 conftest.c >&5
<command-line>:0:8: warning: missing terminating " character [enabled by default]
configure:5554: $? = 0
<command-line>:0:8: warning: missing terminating " character [enabled by default]
<command-line>:0:8: warning: missing terminating " character [enabled by default]
configure:5627: gcc -o conftest -Wall -Wextra -O3  -DNP_SSH -I/usr/local/include   -I/usr/local/include    -DRCSID=\"$(IDGIT)\" -I/usr/include/libxml2   conftest.c -L/usr/local/lib -lnetconf   -lcrypt -L/usr/local/lib -lnetconf    -lxml2 >&5
<command-line>:0:8: warning: missing terminating " character [enabled by default]
configure:5627: $? = 0
configure:5627: ./conftest
configure:5627: $? = 0
configure:5638: result: yes
configure:5651: checking for sys/types.h
configure:5651: gcc -c -Wall -Wextra -O3  -DNP_SSH -I/usr/local/include   -I/usr/local/include    -DRCSID=\"$(IDGIT)\" -I/usr/include/libxml2 conftest.c >&5
<command-line>:0:8: warning: missing terminating " character [enabled by default]
configure:5651: $? = 0
configure:5651: result: yes
configure:5651: checking for sys/stat.h
configure:5651: gcc -c -Wall -Wextra -O3  -DNP_SSH -I/usr/local/include   -I/usr/local/include    -DRCSID=\"$(IDGIT)\" -I/usr/include/libxml2 conftest.c >&5
<command-line>:0:8: warning: missing terminating " character [enabled by default]
configure:5651: $? = 0
configure:5651: result: yes
configure:5651: checking for stdlib.h
configure:5651: gcc -c -Wall -Wextra -O3  -DNP_SSH -I/usr/local/include   -I/usr/local/include    -DRCSID=\"$(IDGIT)\" -I/usr/include/libxml2 conftest.c >&5
<command-line>:0:8: warning: missing terminating " character [enabled by default]
configure:5651: $? = 0
configure:5651: result: yes
configure:5651: checking for string.h
configure:5651: gcc -c -Wall -Wextra -O3  -DNP_SSH -I/usr/local/include   -I/usr/local/include    -DRCSID=\"$(IDGIT)\" -I/usr/include/libxml2 conftest.c >&5
<command-line>:0:8: warning: missing terminating " character [enabled by default]
configure:5651: $? = 0
configure:5651: result: yes
configure:5651: checking for memory.h
configure:5651: gcc -c -Wall -Wextra -O3  -DNP_SSH -I/usr/local/include   -I/usr/local/include    -DRCSID=\"$(IDGIT)\" -I/usr/include/libxml2 conftest.c >&5
<command-line>:0:8: warning: missing terminating " character [enabled by default]
configure:5651: $? = 0
configure:5651: result: yes
configure:5651: checking for strings.h
configure:5651: gcc -c -Wall -Wextra -O3  -DNP_SSH -I/usr/local/include   -I/usr/local/include    -DRCSID=\"$(IDGIT)\" -I/usr/include/libxml2 conftest.c >&5
<command-line>:0:8: warning: missing terminating " character [enabled by default]
configure:5651: $? = 0
configure:5651: result: yes
configure:5651: checking for inttypes.h
configure:5651: gcc -c -Wall -Wextra -O3  -DNP_SSH -I/usr/local/include   -I/usr/local/include    -DRCSID=\"$(IDGIT)\" -I/usr/include/libxml2 conftest.c >&5
<command-line>:0:8: warning: missing terminating " character [enabled by default]
configure:5651: $? = 0
configure:5651: result: yes
configure:5651: checking for stdint.h
configure:5651: gcc -c -Wall -Wextra -O3  -DNP_SSH -I/usr/local/include   -I/usr/local/include    -DRCSID=\"$(IDGIT)\" -I/usr/include/libxml2 conftest.c >&5
<command-line>:0:8: warning: missing terminating " character [enabled by default]
configure:5651: $? = 0
configure:5651: result: yes
configure:5651: checking for unistd.h
configure:5651: gcc -c -Wall -Wextra -O3  -DNP_SSH -I/usr/local/include   -I/usr/local/include    -DRCSID=\"$(IDGIT)\" -I/usr/include/libxml2 conftest.c >&5
<command-line>:0:8: warning: missing terminating " character [enabled by default]
configure:5651: $? = 0
configure:5651: result: yes
configure:5666: checking for stdlib.h
configure:5666: result: yes
configure:5666: checking for string.h
configure:5666: result: yes
configure:5666: checking sys/time.h usability
configure:5666: gcc -c -Wall -Wextra -O3  -DNP_SSH -I/usr/local/include   -I/usr/local/include    -DRCSID=\"$(IDGIT)\" -I/usr/include/libxml2 conftest.c >&5
<command-line>:0:8: warning: missing terminating " character [enabled by default]
configure:5666: $? = 0
configure:5666: result: yes
configure:5666: checking sys/time.h presence
configure:5666: gcc -E -I/usr/local/include   -I/usr/local/include    -DRCSID=\"$(IDGIT)\" -I/usr/include/libxml2 conftest.c
<command-line>:0:8: warning: missing terminating " character [enabled by default]
configure:5666: $? = 0
configure:5666: result: yes
configure:5666: checking for sys/time.h
configure:5666: result: yes
configure:5666: checking for unistd.h
configure:5666: result: yes
configure:5679: checking libnetconf_xml.h usability
configure:5679: gcc -c -Wall -Wextra -O3  -DNP_SSH -I/usr/local/include   -I/usr/local/include    -DRCSID=\"$(IDGIT)\" -I/usr/include/libxml2 conftest.c >&5
<command-line>:0:8: warning: missing terminating " character [enabled by default]
configure:5679: $? = 0
configure:5679: result: yes
configure:5679: checking libnetconf_xml.h presence
configure:5679: gcc -E -I/usr/local/include   -I/usr/local/include    -DRCSID=\"$(IDGIT)\" -I/usr/include/libxml2 conftest.c
<command-line>:0:8: warning: missing terminating " character [enabled by default]
configure:5679: $? = 0
configure:5679: result: yes
configure:5679: checking for libnetconf_xml.h
configure:5679: result: yes
configure:5679: checking libxml/tree.h usability
configure:5679: gcc -c -Wall -Wextra -O3  -DNP_SSH -I/usr/local/include   -I/usr/local/include    -DRCSID=\"$(IDGIT)\" -I/usr/include/libxml2 conftest.c >&5
<command-line>:0:8: warning: missing terminating " character [enabled by default]
configure:5679: $? = 0
configure:5679: result: yes
configure:5679: checking libxml/tree.h presence
configure:5679: gcc -E -I/usr/local/include   -I/usr/local/include    -DRCSID=\"$(IDGIT)\" -I/usr/include/libxml2 conftest.c
<command-line>:0:8: warning: missing terminating " character [enabled by default]
configure:5679: $? = 0
configure:5679: result: yes
configure:5679: checking for libxml/tree.h
configure:5679: result: yes
configure:5691: checking for int32_t
configure:5691: gcc -c -Wall -Wextra -O3  -DNP_SSH -I/usr/local/include   -I/usr/local/include    -DRCSID=\"$(IDGIT)\" -I/usr/include/libxml2 conftest.c >&5
<command-line>:0:8: warning: missing terminating " character [enabled by default]
configure:5691: $? = 0
configure:5691: gcc -c -Wall -Wextra -O3  -DNP_SSH -I/usr/local/include   -I/usr/local/include    -DRCSID=\"$(IDGIT)\" -I/usr/include/libxml2 conftest.c >&5
<command-line>:0:8: warning: missing terminating " character [enabled by default]
conftest.c: In function 'main':
conftest.c:63:53: warning: integer overflow in expression [-Woverflow]
conftest.c:62:12: error: storage size of 'test_array' isn't constant
conftest.c:62:12: warning: unused variable 'test_array' [-Wunused-variable]
configure:5691: $? = 1
configure: failed program was:
| /* confdefs.h */
| #define PACKAGE_NAME "netopeer-server"
| #define PACKAGE_TARNAME "netopeer-server"
| #define PACKAGE_VERSION "0.7.0"
| #define PACKAGE_STRING "netopeer-server 0.7.0"
| #define PACKAGE_BUGREPORT ""
| #define PACKAGE_URL ""
| #define STDC_HEADERS 1
| #define HAVE_SYS_TYPES_H 1
| #define HAVE_SYS_STAT_H 1
| #define HAVE_STDLIB_H 1
| #define HAVE_STRING_H 1
| #define HAVE_MEMORY_H 1
| #define HAVE_STRINGS_H 1
| #define HAVE_INTTYPES_H 1
| #define HAVE_STDINT_H 1
| #define HAVE_UNISTD_H 1
| #define HAVE_STDLIB_H 1
| #define HAVE_STRING_H 1
| #define HAVE_SYS_TIME_H 1
| #define HAVE_UNISTD_H 1
| #define HAVE_LIBNETCONF_XML_H 1
| #define HAVE_LIBXML_TREE_H 1
| /* end confdefs.h.  */
| #include <stdio.h>
| #ifdef HAVE_SYS_TYPES_H
| # include <sys/types.h>
| #endif
| #ifdef HAVE_SYS_STAT_H
| # include <sys/stat.h>
| #endif
| #ifdef STDC_HEADERS
| # include <stdlib.h>
| # include <stddef.h>
| #else
| # ifdef HAVE_STDLIB_H
| #  include <stdlib.h>
| # endif
| #endif
| #ifdef HAVE_STRING_H
| # if !defined STDC_HEADERS && defined HAVE_MEMORY_H
| #  include <memory.h>
| # endif
| # include <string.h>
| #endif
| #ifdef HAVE_STRINGS_H
| # include <strings.h>
| #endif
| #ifdef HAVE_INTTYPES_H
| # include <inttypes.h>
| #endif
| #ifdef HAVE_STDINT_H
| # include <stdint.h>
| #endif
| #ifdef HAVE_UNISTD_H
| # include <unistd.h>
| #endif
| 	        enum { N = 32 / 2 - 1 };
| int
| main ()
| {
| static int test_array [1 - 2 * !((int32_t) (((((int32_t) 1 << N) << N) - 1) * 2 + 1)
| 		 < (int32_t) (((((int32_t) 1 << N) << N) - 1) * 2 + 2))];
| test_array [0] = 0;
| return test_array [0];
| 
|   ;
|   return 0;
| }
configure:5691: result: yes
configure:5702: checking for uint32_t
configure:5702: gcc -c -Wall -Wextra -O3  -DNP_SSH -I/usr/local/include   -I/usr/local/include    -DRCSID=\"$(IDGIT)\" -I/usr/include/libxml2 conftest.c >&5
<command-line>:0:8: warning: missing terminating " character [enabled by default]
configure:5702: $? = 0
configure:5702: result: yes
configure:5720: checking for stdlib.h
configure:5720: result: yes
configure:5730: checking for GNU libc compatible malloc
configure:5754: gcc -o conftest -Wall -Wextra -O3  -DNP_SSH -I/usr/local/include   -I/usr/local/include    -DRCSID=\"$(IDGIT)\" -I/usr/include/libxml2   conftest.c -L/usr/local/lib -lnetconf   -lcrypt -L/usr/local/lib -lnetconf    -lxml2 >&5
<command-line>:0:8: warning: missing terminating " character [enabled by default]
configure:5754: $? = 0
configure:5754: ./conftest
configure:5754: $? = 0
configure:5764: result: yes
configure:5788: checking for select
configure:5788: gcc -o conftest -Wall -Wextra -O3  -DNP_SSH -I/usr/local/include   -I/usr/local/include    -DRCSID=\"$(IDGIT)\" -I/usr/include/libxml2   conftest.c -L/usr/local/lib -lnetconf   -lcrypt -L/usr/local/lib -lnetconf    -lxml2 >&5
<command-line>:0:8: warning: missing terminating " character [enabled by default]
configure:5788: $? = 0
configure:5788: result: yes
configure:5788: checking for strdup
configure:5788: gcc -o conftest -Wall -Wextra -O3  -DNP_SSH -I/usr/local/include   -I/usr/local/include    -DRCSID=\"$(IDGIT)\" -I/usr/include/libxml2   conftest.c -L/usr/local/lib -lnetconf   -lcrypt -L/usr/local/lib -lnetconf    -lxml2 >&5
<command-line>:0:8: warning: missing terminating " character [enabled by default]
conftest.c:51:6: warning: conflicting types for built-in function 'strdup' [enabled by default]
configure:5788: $? = 0
configure:5788: result: yes
configure:5788: checking for strerror
configure:5788: gcc -o conftest -Wall -Wextra -O3  -DNP_SSH -I/usr/local/include   -I/usr/local/include    -DRCSID=\"$(IDGIT)\" -I/usr/include/libxml2   conftest.c -L/usr/local/lib -lnetconf   -lcrypt -L/usr/local/lib -lnetconf    -lxml2 >&5
<command-line>:0:8: warning: missing terminating " character [enabled by default]
configure:5788: $? = 0
configure:5788: result: yes
configure:5819: WARNING: Due to missing rpmbuild you will not be able to generate RPM package.
configure:5997: creating ./config.status

## ---------------------- ##
## Running config.status. ##
## ---------------------- ##

This file was extended by netopeer-server config.status 0.7.0, which was
generated by GNU Autoconf 2.69.  Invocation command line was

  CONFIG_FILES    = 
  CONFIG_HEADERS  = 
  CONFIG_LINKS    = 
  CONFIG_COMMANDS = 
  $ ./config.status 

on debian-openwrt

config.status:779: creating Makefile
config.status:779: creating manager/netopeer-manager.tmp
config.status:779: creating config/Netopeer.xml.tmp
config.status:779: creating config/NETCONF-server.xml.tmp
config.status:779: creating src/config.h
config.status:779: creating netopeer-server.spec
config.status:779: creating netopeer.rc
config.status:779: creating configurator/netopeer/config.py
config.status:779: creating src/openwrt/ietf-system.xml
config.status:779: creating src/openwrt/Makefile.ietf-system
configure:7013: WARNING: unrecognized options: --disable-dbus

## ---------------- ##
## Cache variables. ##
## ---------------- ##

ac_cv_build=x86_64-unknown-linux-gnu
ac_cv_c_compiler_gnu=yes
ac_cv_c_int32_t=yes
ac_cv_c_uint32_t=yes
ac_cv_env_CC_set=
ac_cv_env_CC_value=
ac_cv_env_CFLAGS_set=
ac_cv_env_CFLAGS_value=
ac_cv_env_CPPFLAGS_set=
ac_cv_env_CPPFLAGS_value=
ac_cv_env_CPP_set=
ac_cv_env_CPP_value=
ac_cv_env_LDFLAGS_set=
ac_cv_env_LDFLAGS_value=
ac_cv_env_LIBNETCONF_CFLAGS_set=
ac_cv_env_LIBNETCONF_CFLAGS_value=
ac_cv_env_LIBNETCONF_LIBS_set=
ac_cv_env_LIBNETCONF_LIBS_value=
ac_cv_env_LIBS_set=
ac_cv_env_LIBS_value=
ac_cv_env_PKG_CONFIG_LIBDIR_set=
ac_cv_env_PKG_CONFIG_LIBDIR_value=
ac_cv_env_PKG_CONFIG_PATH_set=
ac_cv_env_PKG_CONFIG_PATH_value=
ac_cv_env_PKG_CONFIG_set=
ac_cv_env_PKG_CONFIG_value=
ac_cv_env_build_alias_set=
ac_cv_env_build_alias_value=
ac_cv_env_host_alias_set=
ac_cv_env_host_alias_value=
ac_cv_env_target_alias_set=
ac_cv_env_target_alias_value=
ac_cv_func_malloc_0_nonnull=yes
ac_cv_func_select=yes
ac_cv_func_strdup=yes
ac_cv_func_strerror=yes
ac_cv_header_inttypes_h=yes
ac_cv_header_libnetconf_xml_h=yes
ac_cv_header_libxml_tree_h=yes
ac_cv_header_memory_h=yes
ac_cv_header_stdc=yes
ac_cv_header_stdint_h=yes
ac_cv_header_stdlib_h=yes
ac_cv_header_string_h=yes
ac_cv_header_strings_h=yes
ac_cv_header_sys_stat_h=yes
ac_cv_header_sys_time_h=yes
ac_cv_header_sys_types_h=yes
ac_cv_header_unistd_h=yes
ac_cv_host=x86_64-unknown-linux-gnu
ac_cv_lib_xml2_main=yes
ac_cv_objext=o
ac_cv_path_EGREP='/bin/grep -E'
ac_cv_path_GREP=/bin/grep
ac_cv_path_PKG_CONFIG=/usr/bin/pkg-config
ac_cv_path_ROFF2HTML=/usr/bin/roff2html
ac_cv_path_install='/usr/bin/install -c'
ac_cv_prog_CPP='gcc -E'
ac_cv_prog_LNCTOOL=yes
ac_cv_prog_UNAME=yes
ac_cv_prog_XML2_CONFIG=yes
ac_cv_prog_ac_ct_CC=gcc
ac_cv_prog_cc_c89=
ac_cv_prog_cc_g=yes
ac_cv_search_crypt=-lcrypt
ac_cv_search_nc_callhome_listen='none required'
ac_cv_search_ssh_pki_key_ecdsa_name='none required'
ax_cv_PTHREAD_PRIO_INHERIT=no
pkg_cv_LIBNETCONF_CFLAGS='-I/usr/local/include  '
pkg_cv_LIBNETCONF_LIBS='-L/usr/local/lib -lnetconf  '

## ----------------- ##
## Output variables. ##
## ----------------- ##

BUILDREQS=' libnetconf-devel python libxml2-devel libnetconf-devel'
CC='gcc'
CFLAGS='-Wall -Wextra -O3  -DNP_SSH'
CLIENT_STRUCT_SIZE='sizeof(struct client_struct_ssh)'
CONFIGURE_PARAMS=''
CONFIGURE_PWD='/home/nagy/netopeer/server'
CPP='gcc -E'
CPPFLAGS='-I/usr/local/include   -I/usr/local/include    -DRCSID=\"$(IDGIT)\" -I/usr/include/libxml2'
DEFS='-DPACKAGE_NAME=\"netopeer-server\" -DPACKAGE_TARNAME=\"netopeer-server\" -DPACKAGE_VERSION=\"0.7.0\" -DPACKAGE_STRING=\"netopeer-server\ 0.7.0\" -DPACKAGE_BUGREPORT=\"\" -DPACKAGE_URL=\"\" -DSTDC_HEADERS=1 -DHAVE_SYS_TYPES_H=1 -DHAVE_SYS_STAT_H=1 -DHAVE_STDLIB_H=1 -DHAVE_STRING_H=1 -DHAVE_MEMORY_H=1 -DHAVE_STRINGS_H=1 -DHAVE_INTTYPES_H=1 -DHAVE_STDINT_H=1 -DHAVE_UNISTD_H=1 -DHAVE_STDLIB_H=1 -DHAVE_STRING_H=1 -DHAVE_SYS_TIME_H=1 -DHAVE_UNISTD_H=1 -DHAVE_LIBNETCONF_XML_H=1 -DHAVE_LIBXML_TREE_H=1 -DHAVE_STDLIB_H=1 -DHAVE_MALLOC=1 -DHAVE_SELECT=1 -DHAVE_STRDUP=1 -DHAVE_STRERROR=1'
DISTRO='debian'
ECHO_C=''
ECHO_N='-n'
ECHO_T=''
EGREP='/bin/grep -E'
EXEEXT=''
GREP='/bin/grep'
INSTALL_DATA='${INSTALL} -m 644'
INSTALL_PROGRAM='${INSTALL}'
INSTALL_SCRIPT='${INSTALL}'
LDFLAGS=' '
LIBNETCONF_CFLAGS='-I/usr/local/include  '
LIBNETCONF_DATADIR='/usr/local/share'
LIBNETCONF_LIBS='-L/usr/local/lib -lnetconf  '
LIBOBJS=''
LIBS='-L/usr/local/lib -lnetconf   -lcrypt -L/usr/local/lib -lnetconf    -lxml2'
LNCTOOL='yes'
LTLIBOBJS=''
MODULESDIR='${prefix}/etc/netopeer/modules.conf.d/'
NCSERVER_FEATURES='<feature>ssh</feature><feature>inbound-ssh</feature><feature>outbound-ssh</feature>'
NETOPEER_FEATURES='<feature>dynamic-modules</feature><feature>ssh</feature>'
NPCONF='yes'
OBJEXT='o'
PACKAGE_BUGREPORT=''
PACKAGE_NAME='netopeer-server'
PACKAGE_STRING='netopeer-server 0.7.0'
PACKAGE_TARNAME='netopeer-server'
PACKAGE_URL=''
PACKAGE_VERSION='0.7.0'
PATH_SEPARATOR=':'
PKG_CONFIG='/usr/bin/pkg-config'
PKG_CONFIG_LIBDIR=''
PKG_CONFIG_PATH='/usr/local/lib64/pkgconfig:'
PTHREAD_CC='gcc'
PTHREAD_CFLAGS=''
PTHREAD_LIBS=''
RELEASE='1'
REQS=' libnetconf python libxml2 libnetconf'
ROFF2HTML='/usr/bin/roff2html'
RPMBUILD=''
SERVER_LIBS='-L/usr/local/lib -lnetconf   -lcrypt -L/usr/local/lib -lnetconf    -lxml2'
SERVER_TLS_CFGS=''
SERVER_TRANSPORT_HDRS='src/ssh/server_ssh.h src/ssh/cfgnetopeer_transapi_ssh.h src/ssh/netconf_server_transapi_ssh.h'
SERVER_TRANSPORT_SRCS='src/ssh/server_ssh.c src/ssh/cfgnetopeer_transapi_ssh.c src/ssh/netconf_server_transapi_ssh.c'
SHELL='/bin/bash'
SSH='yes'
TLS='no'
UNAME='yes'
USERMAIL='xnagyp01@stud.fit.vutbr.cz'
USERNAME='Peter Nagy'
XML2_CONFIG='yes'
ac_ct_CC='gcc'
ax_pthread_config=''
bindir='${exec_prefix}/bin'
build='x86_64-unknown-linux-gnu'
build_alias=''
build_cpu='x86_64'
build_os='linux-gnu'
build_vendor='unknown'
datadir='${datarootdir}'
datarootdir='${prefix}/share'
docdir='${datarootdir}/doc/${PACKAGE_TARNAME}'
dvidir='${docdir}'
exec_prefix='${prefix}'
host='x86_64-unknown-linux-gnu'
host_alias=''
host_cpu='x86_64'
host_os='linux-gnu'
host_vendor='unknown'
htmldir='${docdir}'
includedir='${prefix}/include'
infodir='${datarootdir}/info'
libdir='${prefix}/lib64'
libexecdir='${exec_prefix}/libexec'
localedir='${datarootdir}/locale'
localstatedir='${prefix}/var'
mandir='${datarootdir}/man'
oldincludedir='/usr/include'
pdfdir='${docdir}'
prefix='/usr/local'
program_transform_name='s,x,x,'
psdir='${docdir}'
sbindir='${exec_prefix}/sbin'
sharedstatedir='${prefix}/com'
sysconfdir='${prefix}/etc'
target_alias=''

## ----------- ##
## confdefs.h. ##
## ----------- ##

/* confdefs.h */
#define PACKAGE_NAME "netopeer-server"
#define PACKAGE_TARNAME "netopeer-server"
#define PACKAGE_VERSION "0.7.0"
#define PACKAGE_STRING "netopeer-server 0.7.0"
#define PACKAGE_BUGREPORT ""
#define PACKAGE_URL ""
#define STDC_HEADERS 1
#define HAVE_SYS_TYPES_H 1
#define HAVE_SYS_STAT_H 1
#define HAVE_STDLIB_H 1
#define HAVE_STRING_H 1
#define HAVE_MEMORY_H 1
#define HAVE_STRINGS_H 1
#define HAVE_INTTYPES_H 1
#define HAVE_STDINT_H 1
#define HAVE_UNISTD_H 1
#define HAVE_STDLIB_H 1
#define HAVE_STRING_H 1
#define HAVE_SYS_TIME_H 1
#define HAVE_UNISTD_H 1
#define HAVE_LIBNETCONF_XML_H 1
#define HAVE_LIBXML_TREE_H 1
#define HAVE_STDLIB_H 1
#define HAVE_MALLOC 1
#define HAVE_SELECT 1
#define HAVE_STRDUP 1
#define HAVE_STRERROR 1

configure: exit 0
